<?xml version="1.0" encoding="UTF-8"?>
<testsuite xmlns:xsi="http://www.w3.org/2001/XMLSchema-instance" xsi:noNamespaceSchemaLocation="https://maven.apache.org/surefire/maven-surefire-plugin/xsd/surefire-test-report.xsd" name="geco.LoginServiceTest" time="0.003" tests="4" errors="0" skipped="0" failures="0">
  <properties>
[...]
</properties>
  <testcase name="addLogin" classname="geco.LoginServiceTest" time="0"/>
  <testcase name="findAllLogins" classname="geco.LoginServiceTest" time="0"/>
  <testcase name="loginExists" classname="geco.LoginServiceTest" time="0"/>
  <testcase name="findAllLoginsStartingWith" classname="geco.LoginServiceTest" time="0"/>
</testsuite>